<?xml version="1.0" encoding="UTF-8"?>
<testsuite xmlns:xsi="http://www.w3.org/2001/XMLSchema-instance" xsi:noNamespaceSchemaLocation="https://maven.apache.org/surefire/maven-surefire-plugin/xsd/surefire-test-report-3.0.xsd" version="3.0" name="com.civiclens.backend.AdminControllerTest" time="8.936" tests="6" errors="0" skipped="0" failures="0">
  <properties>
[...]
</properties>
  <testcase name="login_ShouldReturnUnauthorized_WhenInvalidCredentials" classname="com.civiclens.backend.AdminControllerTest" time="0.61">
    <system-out><![CDATA[19:27:23.291 [main] INFO org.springframework.test.context.support.AnnotationConfigContextLoaderUtils -- Could not detect default configuration classes for test class [com.civiclens.backend.AdminControllerTest]: AdminControllerTest does not declare any static, non-private, non-final, nested classes annotated with @Configuration.
19:27:23.565 [main] INFO org.springframework.boot.test.context.SpringBootTestContextBootstrapper -- Found @SpringBootConfiguration com.civiclens.backend.CivicLensApplication for test class com.civiclens.backend.AdminControllerTest

  .   ____          _            __ _ _
 /\\ / ___'_ __ _ _(_)_ __  __ _ \ \ \ \
( ( )\___ | '_ | '_| | '_ \/ _` | \ \ \ \
 \\/  ___)| |_)| | | | | || (_| |  ) ) ) )
  '  |____| .__|_| |_|_| |_\__, | / / / /
 =========|_|==============|___/=/_/_/_/
 :: Spring Boot ::                (v3.1.0)

2025-09-26T19:27:24.519+05:30  INFO 30840 --- [           main] c.civiclens.backend.AdminControllerTest  : Starting AdminControllerTest using Java 21.0.6 with PID 30840 (started by gouri in C:\Users\gouri\civil\civic-lens\backend)
2025-09-26T19:27:24.522+05:30  INFO 30840 --- [           main] c.civiclens.backend.AdminControllerTest  : No active profile set, falling back to 1 default profile: "default"
2025-09-26T19:27:30.115+05:30  WARN 30840 --- [           main] ion$DefaultTemplateResolverConfiguration : Cannot find template location: classpath:/templates/ (please add some templates, check your Thymeleaf configuration, or set spring.thymeleaf.check-template-location=false)
2025-09-26T19:27:30.225+05:30  WARN 30840 --- [           main] .s.s.UserDetailsServiceAutoConfiguration : 

Using generated security password: 82cfcd17-06a3-4619-8178-257b6edec0c5

This generated password is for development use only. Your security configuration must be updated before running your application in production.

2025-09-26T19:27:30.685+05:30  INFO 30840 --- [           main] o.s.s.web.DefaultSecurityFilterChain     : Will secure any request with [org.springframework.security.web.session.DisableEncodeUrlFilter@655621fd, org.springframework.security.web.context.request.async.WebAsyncManagerIntegrationFilter@77e9dca8, org.springframework.security.web.context.SecurityContextHolderFilter@57416e49, org.springframework.security.web.header.HeaderWriterFilter@bfe47a8, org.springframework.security.web.csrf.CsrfFilter@2b395581, org.springframework.security.web.authentication.logout.LogoutFilter@4b85edeb, org.springframework.security.web.authentication.UsernamePasswordAuthenticationFilter@45796b2a, org.springframework.security.web.authentication.ui.DefaultLoginPageGeneratingFilter@26a45089, org.springframework.security.web.authentication.ui.DefaultLogoutPageGeneratingFilter@fcd0e8d, org.springframework.security.web.authentication.www.BasicAuthenticationFilter@eded048, org.springframework.security.web.savedrequest.RequestCacheAwareFilter@7d1f3fe9, org.springframework.security.web.servletapi.SecurityContextHolderAwareRequestFilter@5fd18419, org.springframework.security.web.authentication.AnonymousAuthenticationFilter@4e4d0a0b, org.springframework.security.web.access.ExceptionTranslationFilter@18dd7767, org.springframework.security.web.access.intercept.AuthorizationFilter@7d61468c]
2025-09-26T19:27:30.840+05:30  INFO 30840 --- [           main] o.s.b.t.m.w.SpringBootMockServletContext : Initializing Spring TestDispatcherServlet ''
2025-09-26T19:27:30.841+05:30  INFO 30840 --- [           main] o.s.t.web.servlet.TestDispatcherServlet  : Initializing Servlet ''
2025-09-26T19:27:30.846+05:30  INFO 30840 --- [           main] o.s.t.web.servlet.TestDispatcherServlet  : Completed initialization in 4 ms
2025-09-26T19:27:30.911+05:30  INFO 30840 --- [           main] c.civiclens.backend.AdminControllerTest  : Started AdminControllerTest in 7.176 seconds (process running for 9.514)
]]></system-out>
    <system-err><![CDATA[WARNING: A Java agent has been loaded dynamically (C:\Users\gouri\.m2\repository\net\bytebuddy\byte-buddy-agent\1.14.4\byte-buddy-agent-1.14.4.jar)
WARNING: If a serviceability tool is in use, please run with -XX:+EnableDynamicAgentLoading to hide this warning
WARNING: If a serviceability tool is not in use, please run with -Djdk.instrument.traceUsage for more information
WARNING: Dynamic loading of agents will be disallowed by default in a future release
]]></system-err>
  </testcase>
  <testcase name="getAdminById_ShouldReturnNotFound_WhenNotFound" classname="com.civiclens.backend.AdminControllerTest" time="0.082"/>
  <testcase name="register_ShouldReturnAdmin_WhenValidRequest" classname="com.civiclens.backend.AdminControllerTest" time="0.023"/>
  <testcase name="getAllAdmins_ShouldReturnListOfAdmins" classname="com.civiclens.backend.AdminControllerTest" time="0.04"/>
  <testcase name="getAdminById_ShouldReturnAdmin_WhenFound" classname="com.civiclens.backend.AdminControllerTest" time="0.015"/>
  <testcase name="login_ShouldReturnAdmin_WhenValidHardcodedCredentials" classname="com.civiclens.backend.AdminControllerTest" time="0.014"/>
</testsuite>